I, [2014-02-16T13:39:47.503757 #44851]  INFO -- Kitchen: -----> Starting Kitchen (v1.2.1)
I, [2014-02-16T13:39:48.836038 #44851]  INFO -- Kitchen: -----> Creating <default-ubuntu-1204>...
I, [2014-02-16T13:42:47.049462 #44851]  INFO -- Kitchen: -----> Converging <default-ubuntu-1204>...
I, [2014-02-16T13:42:59.242288 #44851]  INFO -- Kitchen: -----> Kitchen is finished. (3m11.74s)
I, [2014-02-16T13:43:05.324959 #45050]  INFO -- Kitchen: -----> Starting Kitchen (v1.2.1)
I, [2014-02-16T13:43:06.646309 #45050]  INFO -- Kitchen: -----> Converging <default-ubuntu-1204>...
I, [2014-02-16T13:43:09.310157 #45050]  INFO -- Kitchen: -----> Kitchen is finished. (0m3.99s)
I, [2014-02-16T13:44:59.975466 #45101]  INFO -- Kitchen: -----> Starting Kitchen (v1.2.1)
I, [2014-02-16T13:45:01.303899 #45101]  INFO -- Kitchen: -----> Converging <default-ubuntu-1204>...
I, [2014-02-16T13:45:03.931079 #45101]  INFO -- Kitchen: -----> Kitchen is finished. (0m3.96s)
I, [2014-02-16T13:45:30.576833 #45136]  INFO -- Kitchen: -----> Starting Kitchen (v1.2.1)
I, [2014-02-16T13:45:31.895936 #45136]  INFO -- Kitchen: -----> Converging <default-ubuntu-1204>...
E, [2014-02-16T13:45:35.025418 #45136] ERROR -- Kitchen: Converge failed on instance <default-ubuntu-1204>.
I, [2014-02-16T13:46:13.717800 #45167]  INFO -- Kitchen: -----> Starting Kitchen (v1.2.1)
I, [2014-02-16T13:46:15.047573 #45167]  INFO -- Kitchen: -----> Converging <default-ubuntu-1204>...
E, [2014-02-16T13:46:18.326767 #45167] ERROR -- Kitchen: Converge failed on instance <default-ubuntu-1204>.
I, [2014-02-16T13:46:33.140023 #45198]  INFO -- Kitchen: -----> Starting Kitchen (v1.2.1)
I, [2014-02-16T13:46:34.438971 #45198]  INFO -- Kitchen: -----> Converging <default-ubuntu-1204>...
E, [2014-02-16T13:46:37.591593 #45198] ERROR -- Kitchen: Converge failed on instance <default-ubuntu-1204>.
I, [2014-02-16T13:47:43.301040 #45250]  INFO -- Kitchen: -----> Starting Kitchen (v1.2.1)
I, [2014-02-16T13:47:44.646351 #45250]  INFO -- Kitchen: -----> Converging <default-ubuntu-1204>...
I, [2014-02-16T13:47:48.530271 #45250]  INFO -- Kitchen: -----> Kitchen is finished. (0m5.23s)
I, [2014-02-16T13:53:29.679669 #45350]  INFO -- Kitchen: -----> Starting Kitchen (v1.2.1)
I, [2014-02-16T13:53:31.006486 #45350]  INFO -- Kitchen: -----> Converging <default-ubuntu-1204>...
E, [2014-02-16T13:53:34.589981 #45350] ERROR -- Kitchen: Converge failed on instance <default-ubuntu-1204>.
I, [2014-02-16T13:53:47.588685 #45377]  INFO -- Kitchen: -----> Starting Kitchen (v1.2.1)
I, [2014-02-16T13:53:48.893636 #45377]  INFO -- Kitchen: -----> Converging <default-ubuntu-1204>...
I, [2014-02-16T13:53:52.209288 #45377]  INFO -- Kitchen: -----> Kitchen is finished. (0m4.62s)
I, [2014-02-16T13:54:01.947426 #45397]  INFO -- Kitchen: -----> Starting Kitchen (v1.2.1)
I, [2014-02-16T13:54:03.301672 #45397]  INFO -- Kitchen: -----> Converging <default-ubuntu-1204>...
I, [2014-02-16T13:54:06.560030 #45397]  INFO -- Kitchen: -----> Kitchen is finished. (0m4.61s)
E, [2014-02-16T13:54:23.369731 #45428] ERROR -- Kitchen: 
No instances for regex `--help', try running `kitchen list'


E, [2014-02-16T13:56:35.876655 #45496] ERROR -- Kitchen: 
No instances for regex `--help', try running `kitchen list'


D, [2014-02-16T13:56:49.329873 #45514] DEBUG -- Kitchen: [kitchen::driver::vagrant command] BEGIN (vagrant --version)
D, [2014-02-16T13:56:49.621330 #45514] DEBUG -- Kitchen: [kitchen::driver::vagrant command] END (0m0.23s)
I, [2014-02-16T14:00:46.499085 #45674]  INFO -- Kitchen: -----> Starting Kitchen (v1.2.1)
I, [2014-02-16T14:00:47.864740 #45674]  INFO -- Kitchen: -----> Converging <default-ubuntu-1204>...
I, [2014-02-16T14:00:51.192358 #45674]  INFO -- Kitchen: -----> Kitchen is finished. (0m4.69s)
I, [2014-02-16T14:06:53.126634 #45911]  INFO -- Kitchen: -----> Starting Kitchen (v1.2.1)
I, [2014-02-16T14:06:54.453696 #45911]  INFO -- Kitchen: -----> Setting up <default-ubuntu-1204>...
I, [2014-02-16T14:07:11.118082 #45911]  INFO -- Kitchen: -----> Verifying <default-ubuntu-1204>...
I, [2014-02-16T14:07:12.593302 #45911]  INFO -- Kitchen: -----> Kitchen is finished. (0m19.47s)
I, [2014-02-16T14:07:56.207824 #45961]  INFO -- Kitchen: -----> Starting Kitchen (v1.2.1)
I, [2014-02-16T14:07:57.520229 #45961]  INFO -- Kitchen: -----> Verifying <default-ubuntu-1204>...
I, [2014-02-16T14:07:58.996746 #45961]  INFO -- Kitchen: -----> Kitchen is finished. (0m2.79s)
